Arguments: 
  /home/pismo-vinicius/.nvm/versions/node/v10.15.3/bin/node /usr/share/yarn/bin/yarn.js add --dev @types/webpack-env clean-webpack-plugin td-loader webpack webpack-cli webpack-merge webpack-node-externals

PATH: 
  /home/pismo-vinicius/.nvm/versions/node/v10.15.3/bin:/usr/local/sbin:/usr/local/bin:/usr/sbin:/usr/bin:/sbin:/bin:/usr/games:/usr/local/games:/snap/bin

Yarn version: 
  1.16.0

Node version: 
  10.15.3

Platform: 
  linux x64

Trace: 
  Error: https://registry.yarnpkg.com/td-loader: Not found
      at Request.params.callback [as _callback] (/usr/share/yarn/lib/cli.js:66091:18)
      at Request.self.callback (/usr/share/yarn/lib/cli.js:129590:22)
      at Request.emit (events.js:189:13)
      at Request.<anonymous> (/usr/share/yarn/lib/cli.js:130562:10)
      at Request.emit (events.js:189:13)
      at IncomingMessage.<anonymous> (/usr/share/yarn/lib/cli.js:130484:12)
      at Object.onceWrapper (events.js:277:13)
      at IncomingMessage.emit (events.js:194:15)
      at endReadableNT (_stream_readable.js:1125:12)
      at process._tickCallback (internal/process/next_tick.js:63:19)

npm manifest: 
  {
    "name": "graphql-apollo-server",
    "version": "1.0.0",
    "description": "Typescript middleware using Apollo Server",
    "main": "index.js",
    "author": "https://github.com/viniciusavieira",
    "license": "MIT",
    "private": true,
    "dependencies": {
      "typescript": "^3.5.2"
    },
    "scripts": {
      "build": "tsc"
    }
  }

yarn manifest: 
  No manifest

Lockfile: 
  # THIS IS AN AUTOGENERATED FILE. DO NOT EDIT THIS FILE DIRECTLY.
  # yarn lockfile v1
  
  
  typescript@^3.5.2:
    version "3.5.2"
    resolved "https://registry.yarnpkg.com/typescript/-/typescript-3.5.2.tgz#a09e1dc69bc9551cadf17dba10ee42cf55e5d56c"
    integrity sha512-7KxJovlYhTX5RaRbUdkAXN1KUZ8PwWlTzQdHV6xNqvuFOs7+WBo10TQUqT19Q/Jz2hk5v9TQDIhyLhhJY4p5AA==
